23-06-06-20:39:31  Update Outdated Common Components (by CompMan.xlsb) for VBPunusedPublic.xlsb 
23-06-06-20:39:31 ----------------------------------------------------------------------------
23-06-06-20:39:31  UserForm        fMsg ............: Common Component is outdated
23-06-06-20:39:31  Standard-Module mBasic ..........: Common Component up-to-date
23-06-06-20:39:31  Standard-Module mCompManClient ..: Common Component is outdated
23-06-06-20:39:31  Standard-Module mErH ............: Common Component is outdated
23-06-06-20:39:31  Standard-Module mMsg ............: Common Component is outdated
23-06-06-20:39:31  Standard-Module mTrc ............: Common Component is outdated
23-06-06-20:39:36  UserForm        fMsg ............: Updated by re-import of D:\Ablage\Excel VBA\DevAndTest\Common-Components\fMsg.frm
23-06-06-20:39:38  Standard-Module mCompManClient ..: Updated by re-import of D:\Ablage\Excel VBA\DevAndTest\Common-Components\mCompManClient.bas
23-06-06-20:39:40  Standard-Module mErH ............: Updated by re-import of D:\Ablage\Excel VBA\DevAndTest\Common-Components\mErH.bas
23-06-06-20:39:41  Standard-Module mMsg ............: Updated by re-import of D:\Ablage\Excel VBA\DevAndTest\Common-Components\mMsg.bas
23-06-06-20:39:42  Standard-Module mTrc ............: Updated by re-import of D:\Ablage\Excel VBA\DevAndTest\Common-Components\mTrc.bas
23-06-06-20:42:16 ====================================================================
23-06-06-20:42:16  Export Changed Components (by CompMan.xlsb) for VBPunusedPublic.xlsb 
23-06-06-20:42:16 --------------------------------------------------------------------
23-06-06-20:42:16  UserForm        fExcludeInclude .: Modified code exported
23-06-06-20:42:17  UserForm        fMsg ............: Modified Used Common Component exported (due revert allert registered!)
23-06-06-20:42:17  Standard-Module mBasic ..........: Unchanged used Common Component
23-06-06-20:42:17  Standard-Module mClass ..........: Unchanged local component
23-06-06-20:42:17  Standard-Module mCompManClient ..: Modified Used Common Component exported (due revert allert registered!)
23-06-06-20:42:17  Standard-Module mComps ..........: Unchanged local component
23-06-06-20:42:17  Standard-Module mErH ............: Modified Used Common Component exported (due revert allert registered!)
23-06-06-20:42:17  Standard-Module mItems ..........: Unchanged local component
23-06-06-20:42:17  Standard-Module mLine ...........: Unchanged local component
23-06-06-20:42:17  Standard-Module mMsg ............: Modified Used Common Component exported (due revert allert registered!)
23-06-06-20:42:17  Standard-Module mProcs ..........: Unchanged local component
23-06-06-20:42:17  Standard-Module mStack ..........: Unchanged local component
23-06-06-20:42:17  Standard-Module mTrc ............: Modified Used Common Component exported (due revert allert registered!)
23-06-06-20:42:17  Standard-Module mUnused .........: Modified code exported
23-06-06-20:42:17  Standard-Module mUnusedTest .....: Unchanged local component
23-06-06-20:42:17  Workbook        wbUnusedPublic ..: Unchanged local component
23-06-06-20:42:17  Worksheet       wsUnusedPublic ..: Unchanged local component
23-06-06-21:01:08 ====================================================================
23-06-06-21:01:08  Export Changed Components (by CompMan.xlsb) for VBPunusedPublic.xlsb 
23-06-06-21:01:08 --------------------------------------------------------------------
23-06-06-21:01:08  UserForm        fExcludeInclude .: Modified code exported
23-06-06-21:01:08  UserForm        fMsg ............: Unchanged used Common Component
23-06-06-21:01:08  Standard-Module mBasic ..........: Unchanged used Common Component
23-06-06-21:01:08  Standard-Module mClass ..........: Unchanged local component
23-06-06-21:01:08  Standard-Module mCompManClient ..: Unchanged used Common Component
23-06-06-21:01:08  Standard-Module mComps ..........: Unchanged local component
23-06-06-21:01:08  Standard-Module mErH ............: Unchanged used Common Component
23-06-06-21:01:08  Standard-Module mItems ..........: Unchanged local component
23-06-06-21:01:08  Standard-Module mLine ...........: Unchanged local component
23-06-06-21:01:08  Standard-Module mMsg ............: Unchanged used Common Component
23-06-06-21:01:08  Standard-Module mProcs ..........: Unchanged local component
23-06-06-21:01:08  Standard-Module mStack ..........: Unchanged local component
23-06-06-21:01:08  Standard-Module mTrc ............: Unchanged used Common Component
23-06-06-21:01:08  Standard-Module mUnused .........: Unchanged local component
23-06-06-21:01:08  Standard-Module mUnusedTest .....: Modified code exported
23-06-06-21:01:08  Workbook        wbUnusedPublic ..: Unchanged local component
23-06-06-21:01:08  Worksheet       wsUnusedPublic ..: Unchanged local component
23-06-06-21:29:18 ====================================================================
23-06-06-21:29:18  Export Changed Components (by CompMan.xlsb) for VBPunusedPublic.xlsb 
23-06-06-21:29:18 --------------------------------------------------------------------
23-06-06-21:29:18  Class-Module    clsLog ..........: Unchanged used Common Component
23-06-06-21:29:18  UserForm        fExcludeInclude .: Unchanged local component
23-06-06-21:29:18  UserForm        fMsg ............: Unchanged used Common Component
23-06-06-21:29:18  Standard-Module mBasic ..........: Unchanged used Common Component
23-06-06-21:29:18  Standard-Module mClass ..........: Unchanged local component
23-06-06-21:29:18  Standard-Module mCompManClient ..: Unchanged used Common Component
23-06-06-21:29:18  Standard-Module mComps ..........: Unchanged local component
23-06-06-21:29:18  Standard-Module mErH ............: Unchanged used Common Component
23-06-06-21:29:18  Standard-Module mItems ..........: Unchanged local component
23-06-06-21:29:18  Standard-Module mLine ...........: Unchanged local component
23-06-06-21:29:18  Standard-Module mMsg ............: Unchanged used Common Component
23-06-06-21:29:18  Standard-Module mProcs ..........: Unchanged local component
23-06-06-21:29:18  Standard-Module mStack ..........: Unchanged local component
23-06-06-21:29:18  Standard-Module mTrc ............: Unchanged used Common Component
23-06-06-21:29:18  Standard-Module mUnused .........: Modified code exported
23-06-06-21:29:18  Standard-Module mUnusedTest .....: Unchanged local component
23-06-06-21:29:18  Workbook        wbUnusedPublic ..: Unchanged local component
23-06-06-21:29:18  Worksheet       wsUnusedPublic ..: Unchanged local component
23-06-06-21:51:02 ====================================================================
23-06-06-21:51:02  Export Changed Components (by CompMan.xlsb) for VBPunusedPublic.xlsb 
23-06-06-21:51:02 --------------------------------------------------------------------
23-06-06-21:51:02  Class-Module    clsLog ..........: Unchanged used Common Component
23-06-06-21:51:02  UserForm        fExcludeInclude .: Unchanged local component
23-06-06-21:51:02  UserForm        fMsg ............: Unchanged used Common Component
23-06-06-21:51:02  Standard-Module mBasic ..........: Unchanged used Common Component
23-06-06-21:51:02  Standard-Module mClass ..........: Unchanged local component
23-06-06-21:51:02  Standard-Module mCompManClient ..: Unchanged used Common Component
23-06-06-21:51:02  Standard-Module mComps ..........: Unchanged local component
23-06-06-21:51:02  Standard-Module mErH ............: Unchanged used Common Component
23-06-06-21:51:02  Standard-Module mItems ..........: Unchanged local component
23-06-06-21:51:02  Standard-Module mLine ...........: Unchanged local component
23-06-06-21:51:02  Standard-Module mMsg ............: Unchanged used Common Component
23-06-06-21:51:02  Standard-Module mProcs ..........: Unchanged local component
23-06-06-21:51:02  Standard-Module mStack ..........: Unchanged local component
23-06-06-21:51:02  Standard-Module mTrc ............: Unchanged used Common Component
23-06-06-21:51:02  Standard-Module mUnused .........: Modified code exported
23-06-06-21:51:02  Standard-Module mUnusedTest .....: Unchanged local component
23-06-06-21:51:02  Workbook        wbUnusedPublic ..: Unchanged local component
23-06-06-21:51:02  Worksheet       wsUnusedPublic ..: Unchanged local component
23-06-06-21:51:32 ====================================================================
23-06-06-21:51:32  Export Changed Components (by CompMan.xlsb) for VBPunusedPublic.xlsb 
23-06-06-21:51:32 --------------------------------------------------------------------
23-06-06-21:51:32  Class-Module    clsLog ..........: Unchanged used Common Component
23-06-06-21:51:32  UserForm        fExcludeInclude .: Unchanged local component
23-06-06-21:51:32  UserForm        fMsg ............: Unchanged used Common Component
23-06-06-21:51:32  Standard-Module mBasic ..........: Unchanged used Common Component
23-06-06-21:51:32  Standard-Module mClass ..........: Unchanged local component
23-06-06-21:51:32  Standard-Module mCompManClient ..: Unchanged used Common Component
23-06-06-21:51:32  Standard-Module mComps ..........: Unchanged local component
23-06-06-21:51:32  Standard-Module mErH ............: Unchanged used Common Component
23-06-06-21:51:32  Standard-Module mItems ..........: Unchanged local component
23-06-06-21:51:32  Standard-Module mLine ...........: Unchanged local component
23-06-06-21:51:32  Standard-Module mMsg ............: Unchanged used Common Component
23-06-06-21:51:32  Standard-Module mProcs ..........: Unchanged local component
23-06-06-21:51:32  Standard-Module mStack ..........: Unchanged local component
23-06-06-21:51:32  Standard-Module mTrc ............: Unchanged used Common Component
23-06-06-21:51:32  Standard-Module mUnused .........: Unchanged local component
23-06-06-21:51:32  Standard-Module mUnusedTest .....: Unchanged local component
23-06-06-21:51:32  Workbook        wbUnusedPublic ..: Unchanged local component
23-06-06-21:51:32  Worksheet       wsUnusedPublic ..: Unchanged local component
23-06-06-22:18:27 ====================================================================
23-06-06-22:18:27  Export Changed Components (by CompMan.xlsb) for VBPunusedPublic.xlsb 
23-06-06-22:18:27 --------------------------------------------------------------------
23-06-06-22:18:27  Class-Module    clsLog ..........: Unchanged used Common Component
23-06-06-22:18:27  UserForm        fExcludeInclude .: Unchanged local component
23-06-06-22:18:27  UserForm        fMsg ............: Unchanged used Common Component
23-06-06-22:18:27  Standard-Module mBasic ..........: Unchanged used Common Component
23-06-06-22:18:27  Standard-Module mClass ..........: Unchanged local component
23-06-06-22:18:27  Standard-Module mCompManClient ..: Unchanged used Common Component
23-06-06-22:18:27  Standard-Module mComps ..........: Unchanged local component
23-06-06-22:18:27  Standard-Module mErH ............: Unchanged used Common Component
23-06-06-22:18:27  Standard-Module mItems ..........: Modified code exported
23-06-06-22:18:27  Standard-Module mLine ...........: Unchanged local component
23-06-06-22:18:27  Standard-Module mMsg ............: Unchanged used Common Component
23-06-06-22:18:27  Standard-Module mProcs ..........: Unchanged local component
23-06-06-22:18:27  Standard-Module mStack ..........: Unchanged local component
23-06-06-22:18:27  Standard-Module mTrc ............: Unchanged used Common Component
23-06-06-22:18:27  Standard-Module mUnused .........: Modified code exported
23-06-06-22:18:27  Standard-Module mUnusedTest .....: Unchanged local component
23-06-06-22:18:27  Workbook        wbUnusedPublic ..: Unchanged local component
23-06-06-22:18:27  Worksheet       wsUnusedPublic ..: Unchanged local component
23-06-06-22:22:23 ====================================================================
23-06-06-22:22:23  Export Changed Components (by CompMan.xlsb) for VBPunusedPublic.xlsb 
23-06-06-22:22:23 --------------------------------------------------------------------
23-06-06-22:22:23  Class-Module    clsLog ..........: Unchanged used Common Component
23-06-06-22:22:23  UserForm        fExcludeInclude .: Unchanged local component
23-06-06-22:22:23  UserForm        fMsg ............: Unchanged used Common Component
23-06-06-22:22:23  Standard-Module mBasic ..........: Unchanged used Common Component
23-06-06-22:22:23  Standard-Module mClass ..........: Unchanged local component
23-06-06-22:22:24  Standard-Module mCompManClient ..: Unchanged used Common Component
23-06-06-22:22:24  Standard-Module mComps ..........: Unchanged local component
23-06-06-22:22:24  Standard-Module mErH ............: Unchanged used Common Component
23-06-06-22:22:24  Standard-Module mItems ..........: Modified code exported
23-06-06-22:22:24  Standard-Module mLine ...........: Unchanged local component
23-06-06-22:22:24  Standard-Module mMsg ............: Unchanged used Common Component
23-06-06-22:22:24  Standard-Module mProcs ..........: Unchanged local component
23-06-06-22:22:24  Standard-Module mStack ..........: Unchanged local component
23-06-06-22:22:24  Standard-Module mTrc ............: Unchanged used Common Component
23-06-06-22:22:24  Standard-Module mUnused .........: Modified code exported
23-06-06-22:22:24  Standard-Module mUnusedTest .....: Unchanged local component
23-06-06-22:22:24  Workbook        wbUnusedPublic ..: Unchanged local component
23-06-06-22:22:24  Worksheet       wsUnusedPublic ..: Unchanged local component
23-06-06-22:22:27 ====================================================================
23-06-06-22:22:27  Export Changed Components (by CompMan.xlsb) for VBPunusedPublic.xlsb 
23-06-06-22:22:27 --------------------------------------------------------------------
23-06-06-22:22:27  Class-Module    clsLog ..........: Unchanged used Common Component
23-06-06-22:22:27  UserForm        fExcludeInclude .: Unchanged local component
23-06-06-22:22:27  UserForm        fMsg ............: Unchanged used Common Component
23-06-06-22:22:27  Standard-Module mBasic ..........: Unchanged used Common Component
23-06-06-22:22:27  Standard-Module mClass ..........: Unchanged local component
23-06-06-22:22:27  Standard-Module mCompManClient ..: Unchanged used Common Component
23-06-06-22:22:27  Standard-Module mComps ..........: Unchanged local component
23-06-06-22:22:27  Standard-Module mErH ............: Unchanged used Common Component
23-06-06-22:22:27  Standard-Module mItems ..........: Unchanged local component
23-06-06-22:22:27  Standard-Module mLine ...........: Unchanged local component
23-06-06-22:22:27  Standard-Module mMsg ............: Unchanged used Common Component
23-06-06-22:22:27  Standard-Module mProcs ..........: Unchanged local component
23-06-06-22:22:27  Standard-Module mStack ..........: Unchanged local component
23-06-06-22:22:27  Standard-Module mTrc ............: Unchanged used Common Component
23-06-06-22:22:27  Standard-Module mUnused .........: Unchanged local component
23-06-06-22:22:27  Standard-Module mUnusedTest .....: Unchanged local component
23-06-06-22:22:27  Workbook        wbUnusedPublic ..: Unchanged local component
23-06-06-22:22:27  Worksheet       wsUnusedPublic ..: Unchanged local component
23-06-06-22:34:06 ====================================================================
23-06-06-22:34:06  Export Changed Components (by CompMan.xlsb) for VBPunusedPublic.xlsb 
23-06-06-22:34:06 --------------------------------------------------------------------
23-06-06-22:34:06  Class-Module    clsLog ..........: Unchanged used Common Component
23-06-06-22:34:06  UserForm        fExcludeInclude .: Unchanged local component
23-06-06-22:34:06  UserForm        fMsg ............: Unchanged used Common Component
23-06-06-22:34:06  Standard-Module mBasic ..........: Unchanged used Common Component
23-06-06-22:34:06  Standard-Module mClass ..........: Unchanged local component
23-06-06-22:34:06  Standard-Module mCompManClient ..: Unchanged used Common Component
23-06-06-22:34:06  Standard-Module mComps ..........: Unchanged local component
23-06-06-22:34:06  Standard-Module mErH ............: Unchanged used Common Component
23-06-06-22:34:06  Standard-Module mItems ..........: Modified code exported
23-06-06-22:34:06  Standard-Module mLine ...........: Unchanged local component
23-06-06-22:34:06  Standard-Module mMsg ............: Unchanged used Common Component
23-06-06-22:34:06  Standard-Module mProcs ..........: Unchanged local component
23-06-06-22:34:06  Standard-Module mStack ..........: Unchanged local component
23-06-06-22:34:06  Standard-Module mTrc ............: Unchanged used Common Component
23-06-06-22:34:06  Standard-Module mUnused .........: Modified code exported
23-06-06-22:34:06  Standard-Module mUnusedTest .....: Unchanged local component
23-06-06-22:34:06  Workbook        wbUnusedPublic ..: Unchanged local component
23-06-06-22:34:06  Worksheet       wsUnusedPublic ..: Unchanged local component
23-06-06-22:34:28 ====================================================================
23-06-06-22:34:28  Export Changed Components (by CompMan.xlsb) for VBPunusedPublic.xlsb 
23-06-06-22:34:28 --------------------------------------------------------------------
23-06-06-22:34:28  Class-Module    clsLog ..........: Unchanged used Common Component
23-06-06-22:34:28  UserForm        fExcludeInclude .: Unchanged local component
23-06-06-22:34:28  UserForm        fMsg ............: Unchanged used Common Component
23-06-06-22:34:28  Standard-Module mBasic ..........: Unchanged used Common Component
23-06-06-22:34:28  Standard-Module mClass ..........: Unchanged local component
23-06-06-22:34:28  Standard-Module mCompManClient ..: Unchanged used Common Component
23-06-06-22:34:28  Standard-Module mComps ..........: Unchanged local component
23-06-06-22:34:28  Standard-Module mErH ............: Unchanged used Common Component
23-06-06-22:34:28  Standard-Module mItems ..........: Unchanged local component
23-06-06-22:34:28  Standard-Module mLine ...........: Unchanged local component
23-06-06-22:34:28  Standard-Module mMsg ............: Unchanged used Common Component
23-06-06-22:34:28  Standard-Module mProcs ..........: Unchanged local component
23-06-06-22:34:28  Standard-Module mStack ..........: Unchanged local component
23-06-06-22:34:28  Standard-Module mTrc ............: Unchanged used Common Component
23-06-06-22:34:28  Standard-Module mUnused .........: Unchanged local component
23-06-06-22:34:28  Standard-Module mUnusedTest .....: Unchanged local component
23-06-06-22:34:28  Workbook        wbUnusedPublic ..: Unchanged local component
23-06-06-22:34:28  Worksheet       wsUnusedPublic ..: Unchanged local component
 ======================================================================
  Update Outdated Common Components (by Add-in) for VBPunusedPublic.xlsb 
 ----------------------------------------------------------------------
  Class-Module    clsLog ..........: Common Component is outdated
  UserForm        fMsg ............: Common Component up-to-date
  Standard-Module mBasic ..........: Common Component up-to-date
  Standard-Module mCompManClient ..: Common Component up-to-date
  Standard-Module mErH ............: Common Component up-to-date
  Standard-Module mMsg ............: Common Component up-to-date
  Standard-Module mTrc ............: Common Component up-to-date
  Class-Module    clsLog ..........: Updated by re-import of D:\Ablage\Excel VBA\DevAndTest\Common-Components\clsLog.cls
23-06-06-22:48:34 ===========================================================================================================
23-06-06-22:48:34                    Export Changed Components (by CompMan.xlsb) for VBPunusedPublic.xlsb                    
23-06-06-22:48:34 -----------------------------------------------------------------------------------------------------------
23-06-06-22:48:34  Class-Module    clsLog ..........: Modified Used Common Component exported (due revert allert registered!)
23-06-06-22:48:34  UserForm        fExcludeInclude .: Unchanged local component
23-06-06-22:48:35  UserForm        fMsg ............: Unchanged used Common Component
23-06-06-22:48:35  Standard-Module mBasic ..........: Unchanged used Common Component
23-06-06-22:48:35  Standard-Module mClass ..........: Unchanged local component
23-06-06-22:48:35  Standard-Module mCompManClient ..: Unchanged used Common Component
23-06-06-22:48:35  Standard-Module mComps ..........: Unchanged local component
23-06-06-22:48:35  Standard-Module mErH ............: Unchanged used Common Component
23-06-06-22:48:35  Standard-Module mItems ..........: Unchanged local component
23-06-06-22:48:35  Standard-Module mLine ...........: Unchanged local component
23-06-06-22:48:35  Standard-Module mMsg ............: Unchanged used Common Component
23-06-06-22:48:35  Standard-Module mProcs ..........: Unchanged local component
23-06-06-22:48:35  Standard-Module mStack ..........: Unchanged local component
23-06-06-22:48:35  Standard-Module mTrc ............: Unchanged used Common Component
23-06-06-22:48:35  Standard-Module mUnused .........: Unchanged local component
23-06-06-22:48:35  Standard-Module mUnusedTest .....: Unchanged local component
23-06-06-22:48:35  Workbook        wbUnusedPublic ..: Unchanged local component
23-06-06-22:48:35  Worksheet       wsUnusedPublic ..: Unchanged local component
23-06-06-22:53:13 ===========================================================================================================
23-06-06-22:53:13                    Export Changed Components (by CompMan.xlsb) for VBPunusedPublic.xlsb                    
23-06-06-22:53:13 -----------------------------------------------------------------------------------------------------------
23-06-06-22:53:13  Class-Module    clsLog ..........: Modified Used Common Component exported (due revert allert registered!)
23-06-06-22:53:13  UserForm        fExcludeInclude .: Unchanged local component
23-06-06-22:53:13  UserForm        fMsg ............: Unchanged used Common Component
23-06-06-22:53:13  Standard-Module mBasic ..........: Unchanged used Common Component
23-06-06-22:53:13  Standard-Module mClass ..........: Unchanged local component
23-06-06-22:53:13  Standard-Module mCompManClient ..: Unchanged used Common Component
23-06-06-22:53:13  Standard-Module mComps ..........: Unchanged local component
23-06-06-22:53:13  Standard-Module mErH ............: Unchanged used Common Component
23-06-06-22:53:13  Standard-Module mItems ..........: Unchanged local component
23-06-06-22:53:13  Standard-Module mLine ...........: Unchanged local component
23-06-06-22:53:13  Standard-Module mMsg ............: Unchanged used Common Component
23-06-06-22:53:13  Standard-Module mProcs ..........: Unchanged local component
23-06-06-22:53:13  Standard-Module mStack ..........: Unchanged local component
23-06-06-22:53:13  Standard-Module mTrc ............: Unchanged used Common Component
23-06-06-22:53:13  Standard-Module mUnused .........: Unchanged local component
23-06-06-22:53:13  Standard-Module mUnusedTest .....: Unchanged local component
23-06-06-22:53:13  Workbook        wbUnusedPublic ..: Unchanged local component
23-06-06-22:53:13  Worksheet       wsUnusedPublic ..: Unchanged local component
23-06-06-22:53:23 ====================================================================
23-06-06-22:53:23  Export Changed Components (by CompMan.xlsb) for VBPunusedPublic.xlsb 
23-06-06-22:53:23 --------------------------------------------------------------------
23-06-06-22:53:23  Class-Module    clsLog ..........: Unchanged used Common Component
23-06-06-22:53:23  UserForm        fExcludeInclude .: Unchanged local component
23-06-06-22:53:23  UserForm        fMsg ............: Unchanged used Common Component
23-06-06-22:53:23  Standard-Module mBasic ..........: Unchanged used Common Component
23-06-06-22:53:23  Standard-Module mClass ..........: Unchanged local component
23-06-06-22:53:23  Standard-Module mCompManClient ..: Unchanged used Common Component
23-06-06-22:53:23  Standard-Module mComps ..........: Unchanged local component
23-06-06-22:53:23  Standard-Module mErH ............: Unchanged used Common Component
23-06-06-22:53:23  Standard-Module mItems ..........: Unchanged local component
23-06-06-22:53:23  Standard-Module mLine ...........: Unchanged local component
23-06-06-22:53:23  Standard-Module mMsg ............: Unchanged used Common Component
23-06-06-22:53:23  Standard-Module mProcs ..........: Unchanged local component
23-06-06-22:53:23  Standard-Module mStack ..........: Unchanged local component
23-06-06-22:53:23  Standard-Module mTrc ............: Unchanged used Common Component
23-06-06-22:53:23  Standard-Module mUnused .........: Unchanged local component
23-06-06-22:53:23  Standard-Module mUnusedTest .....: Unchanged local component
23-06-06-22:53:23  Workbook        wbUnusedPublic ..: Unchanged local component
23-06-06-22:53:23  Worksheet       wsUnusedPublic ..: Unchanged local component
 ===========================================================================================================
                       Export Changed Components (by Add-in) for VBPunusedPublic.xlsb                       
 -----------------------------------------------------------------------------------------------------------
  Class-Module    clsLog ..........: Modified Used Common Component exported (due revert allert registered!)
  UserForm        fExcludeInclude .: Unchanged local component
  UserForm        fMsg ............: Unchanged used Common Component
  Standard-Module mBasic ..........: Unchanged used Common Component
  Standard-Module mClass ..........: Unchanged local component
  Standard-Module mCompManClient ..: Unchanged used Common Component
  Standard-Module mComps ..........: Unchanged local component
  Standard-Module mErH ............: Unchanged used Common Component
  Standard-Module mItems ..........: Unchanged local component
  Standard-Module mLine ...........: Unchanged local component
  Standard-Module mMsg ............: Unchanged used Common Component
  Standard-Module mProcs ..........: Unchanged local component
  Standard-Module mStack ..........: Unchanged local component
  Standard-Module mTrc ............: Unchanged used Common Component
  Standard-Module mUnused .........: Modified code exported
  Standard-Module mUnusedTest .....: Unchanged local component
  Workbook        wbUnusedPublic ..: Unchanged local component
  Worksheet       wsUnusedPublic ..: Unchanged local component
